#
# A fatal error has been detected by the Java Runtime Environment:
#
#  EXCEPTION_ACCESS_VIOLATION (0xc0000005) at pc=0x0000000051388855, pid=6092, tid=16152
#
# JRE version: Java(TM) SE Runtime Environment (8.0_65-b17) (build 1.8.0_65-b17)
# Java VM: Java HotSpot(TM) 64-Bit Server VM (25.65-b01 mixed mode windows-amd64 compressed oops)
# Problematic frame:
# V  [jvm.dll+0x128855]
#
# Failed to write core dump. Minidumps are not enabled by default on client versions of Windows
#
# If you would like to submit a bug report, please visit:
#   http://bugreport.java.com/bugreport/crash.jsp
#

---------------  T H R E A D  ---------------

Current thread (0x00000000176e1800):  JavaThread "JDWP Transport Listener: dt_socket" daemon [_thread_in_vm, id=16152, stack(0x00000000192e0000,0x00000000193e0000)]

siginfo: ExceptionCode=0xc0000005, reading address 0x00003b6e6f697463

Registers:
RAX=0x00000000193df401, RBX=0x00000000176e1800, RCX=0x00003b6e6f697463, RDX=0x0000000000000000
RSP=0x00000000193df480, RBP=0x00003b6e6f697463, RSI=0x00000000193df598, RDI=0x00000000023bd540
R8 =0x00000000176e1800, R9 =0x0000000000008000, R10=0x000000001a0e4600, R11=0x000000001a0e8c72
R12=0x0000000000000000, R13=0x00000000176d92d8, R14=0x0000000000000000, R15=0x0000000000000000
RIP=0x0000000051388855, EFLAGS=0x0000000000010206

Top of Stack: (sp=0x00000000193df480)
0x00000000193df480:   0000000000000002 000000001a0e6950
0x00000000193df490:   00000000193df660 000000005158e19b
0x00000000193df4a0:   00000000176e1800 00000000515aa9fd
0x00000000193df4b0:   0000000000000000 0000000051e59155
0x00000000193df4c0:   0000000018d72188 0000000051e6291e
0x00000000193df4d0:   00000000176e1800 0000000000000000
0x00000000193df4e0:   0000000000000000 0000000000000000
0x00000000193df4f0:   00003b6e6f697463 0000000051e61a15
0x00000000193df500:   00000000193df598 00000000193df570
0x00000000193df510:   0000000000000001 0000000018d72188
0x00000000193df520:   00003b6e6f697463 0000000051e453b3
0x00000000193df530:   00000000193df660 0000000000000001
0x00000000193df540:   0000000000000001 0000000018d72188
0x00000000193df550:   0000000000000009 0000000000000000
0x00000000193df560:   0000000000000000 0000000000000000
0x00000000193df570:   0000000000000001 0000000051e45571 

Instructions: (pc=0x0000000051388855)
0x0000000051388835:   cc cc cc cc cc cc cc cc cc cc cc 48 83 ec 28 48
0x0000000051388845:   85 c9 75 07 33 c0 48 83 c4 28 c3 48 89 5c 24 20
0x0000000051388855:   48 8b 19 48 85 db 74 20 48 83 fb 37 74 1a 48 8b
0x0000000051388865:   13 48 8b cb ff 52 10 84 c0 74 0d 48 8b c3 48 8b 


Register to memory mapping:

RAX=0x00000000193df401 is pointing into the stack for thread: 0x00000000176e1800
RBX=0x00000000176e1800 is a thread
RCX=0x00003b6e6f697463 is an unknown value
RDX=0x0000000000000000 is an unknown value
RSP=0x00000000193df480 is pointing into the stack for thread: 0x00000000176e1800
RBP=0x00003b6e6f697463 is an unknown value
RSI=0x00000000193df598 is pointing into the stack for thread: 0x00000000176e1800
RDI=0x00000000023bd540 is an unknown value
R8 =0x00000000176e1800 is a thread
R9 =0x0000000000008000 is an unknown value
R10=0x000000001a0e4600 is an unknown value
R11=0x000000001a0e8c72 is an unknown value
R12=0x0000000000000000 is an unknown value
R13=0x00000000176d92d8 is an unknown value
R14=0x0000000000000000 is an unknown value
R15=0x0000000000000000 is an unknown value


Stack: [0x00000000192e0000,0x00000000193e0000],  sp=0x00000000193df480,  free space=1021k
Native frames: (J=compiled Java code, j=interpreted, Vv=VM code, C=native code)
V  [jvm.dll+0x128855]
V  [jvm.dll+0x34a9fd]
C  [jdwp.dll+0x21a15]
C  [jdwp.dll+0x53b3]
C  [jdwp.dll+0x5571]
C  [jdwp.dll+0xf0a8]
C  [jdwp.dll+0x1f2d5]
C  [jdwp.dll+0x1f4aa]
V  [jvm.dll+0x1bb8f8]
V  [jvm.dll+0x243144]
V  [jvm.dll+0x299f7a]
C  [msvcr100.dll+0x21d9f]
C  [msvcr100.dll+0x21e3b]
C  [KERNEL32.DLL+0x14034]
C  [ntdll.dll+0x73691]


---------------  P R O C E S S  ---------------

Java Threads: ( => current thread )
  0x0000000002b14800 JavaThread "DestroyJavaVM" [_thread_blocked, id=9224, stack(0x0000000002a10000,0x0000000002b10000)]
  0x0000000019d49000 JavaThread "pool-1-thread-1" [_thread_blocked, id=21460, stack(0x000000001b2b0000,0x000000001b3b0000)]
  0x0000000018ae0800 JavaThread "Service Thread" daemon [_thread_blocked, id=2428, stack(0x00000000198e0000,0x00000000199e0000)]
  0x0000000017706000 JavaThread "C1 CompilerThread2" daemon [_thread_blocked, id=5548, stack(0x00000000197e0000,0x00000000198e0000)]
  0x00000000176fa800 JavaThread "C2 CompilerThread1" daemon [_thread_blocked, id=17508, stack(0x00000000196e0000,0x00000000197e0000)]
  0x00000000176f9000 JavaThread "C2 CompilerThread0" daemon [_thread_blocked, id=9264, stack(0x00000000195e0000,0x00000000196e0000)]
  0x00000000176e7800 JavaThread "JDWP Command Reader" daemon [_thread_in_native, id=10732, stack(0x00000000194e0000,0x00000000195e0000)]
  0x00000000176e4000 JavaThread "JDWP Event Helper Thread" daemon [_thread_blocked, id=9496, stack(0x00000000193e0000,0x00000000194e0000)]
=>0x00000000176e1800 JavaThread "JDWP Transport Listener: dt_socket" daemon [_thread_in_vm, id=16152, stack(0x00000000192e0000,0x00000000193e0000)]
  0x00000000176ce800 JavaThread "Attach Listener" daemon [_thread_blocked, id=21744, stack(0x0000000018f30000,0x0000000019030000)]
  0x0000000018a73800 JavaThread "Signal Dispatcher" daemon [_thread_blocked, id=12872, stack(0x0000000018e30000,0x0000000018f30000)]
  0x0000000002c0a800 JavaThread "Finalizer" daemon [_thread_blocked, id=11888, stack(0x0000000018930000,0x0000000018a30000)]
  0x0000000017679000 JavaThread "Reference Handler" daemon [_thread_blocked, id=21676, stack(0x0000000018830000,0x0000000018930000)]

Other Threads:
  0x0000000017677800 VMThread [stack: 0x0000000018730000,0x0000000018830000] [id=18052]
  0x0000000018b32000 WatcherThread [stack: 0x00000000199e0000,0x0000000019ae0000] [id=11728]

VM state:not at safepoint (normal execution)

VM Mutex/Monitor currently owned by a thread: None

Heap:
 PSYoungGen      total 37888K, used 22357K [0x00000000d6300000, 0x00000000d8d00000, 0x0000000100000000)
  eden space 32768K, 68% used [0x00000000d6300000,0x00000000d78d55a8,0x00000000d8300000)
  from space 5120K, 0% used [0x00000000d8800000,0x00000000d8800000,0x00000000d8d00000)
  to   space 5120K, 0% used [0x00000000d8300000,0x00000000d8300000,0x00000000d8800000)
 ParOldGen       total 86016K, used 0K [0x0000000082800000, 0x0000000087c00000, 0x00000000d6300000)
  object space 86016K, 0% used [0x0000000082800000,0x0000000082800000,0x0000000087c00000)
 Metaspace       used 8495K, capacity 8718K, committed 8960K, reserved 1056768K
  class space    used 936K, capacity 989K, committed 1024K, reserved 1048576K

Card table byte_map: [0x0000000011fd0000,0x00000000123c0000] byte_map_base: 0x0000000011bbc000

Marking Bits: (ParMarkBitMap*) 0x0000000051a6a5b0
 Begin Bits: [0x0000000012a60000, 0x00000000149c0000)
 End Bits:   [0x00000000149c0000, 0x0000000016920000)

Polling page: 0x00000000009f0000

CodeCache: size=245760Kb used=2675Kb max_used=2707Kb free=243084Kb
 bounds [0x0000000002c10000, 0x0000000002ec0000, 0x0000000011c10000]
 total_blobs=914 nmethods=609 adapters=226
 compilation: enabled

Compilation events (10 events):
Event: 15.601 Thread 0x0000000017706000 nmethod 630 0x0000000002dbe810 code [0x0000000002dbe980, 0x0000000002dbebf0]
Event: 15.601 Thread 0x0000000017706000  631       3       java.io.FilterOutputStream::write (9 bytes)
Event: 15.602 Thread 0x0000000017706000 nmethod 631 0x0000000002dbe3d0 code [0x0000000002dbe540, 0x0000000002dbe768]
Event: 15.602 Thread 0x0000000017706000  632       3       javax.mail.internet.AsciiOutputStream::write (6 bytes)
Event: 15.602 Thread 0x0000000017706000 nmethod 632 0x0000000002dbe010 code [0x0000000002dbe180, 0x0000000002dbe328]
Event: 15.602 Thread 0x0000000017706000  633       3       javax.mail.internet.AsciiOutputStream::check (146 bytes)
Event: 15.602 Thread 0x0000000017706000 nmethod 633 0x0000000002dbd850 code [0x0000000002dbd9e0, 0x0000000002dbded8]
Event: 15.615 Thread 0x00000000176f9000 nmethod 628 0x0000000002d4b650 code [0x0000000002d4b7e0, 0x0000000002d4cb58]
Event: 15.675 Thread 0x0000000017706000  634       1       java.lang.reflect.Field::getName (5 bytes)
Event: 15.675 Thread 0x0000000017706000 nmethod 634 0x0000000002dbd0d0 code [0x0000000002dbd220, 0x0000000002dbd330]

GC Heap History (0 events):
No events

Deoptimization events (4 events):
Event: 4.159 Thread 0x0000000002b14800 Uncommon trap: reason=unstable_if action=reinterpret pc=0x0000000002dbd630 method=sun.misc.MetaIndex.mayContain(Ljava/lang/String;)Z @ 38
Event: 4.276 Thread 0x0000000002b14800 Uncommon trap: reason=unstable_if action=reinterpret pc=0x0000000002dd022c method=java.lang.String.indexOf([CII[CIII)I @ 3
Event: 15.248 Thread 0x0000000019d49000 Uncommon trap: reason=unstable_if action=reinterpret pc=0x0000000002e56238 method=java.lang.AbstractStringBuilder.append(Ljava/lang/String;)Ljava/lang/AbstractStringBuilder; @ 1
Event: 15.607 Thread 0x0000000019d49000 Uncommon trap: reason=unstable_if action=reinterpret pc=0x0000000002ea0458 method=java.util.StringTokenizer.scanToken(I)I @ 96

Internal exceptions (10 events):
Event: 5.227 Thread 0x0000000002b14800 Exception <a 'java/io/FileNotFoundException'> (0x00000000d6dd1238) thrown at [C:\workspace\8-2-build-windows-amd64-cygwin\jdk8u65\4987\hotspot\src\share\vm\prims\jni.cpp, line 709]
Event: 5.227 Thread 0x0000000002b14800 Exception <a 'java/io/FileNotFoundException'> (0x00000000d6dd19b8) thrown at [C:\workspace\8-2-build-windows-amd64-cygwin\jdk8u65\4987\hotspot\src\share\vm\prims\jni.cpp, line 709]
Event: 7.380 Thread 0x0000000002b14800 Exception <a 'java/lang/NoClassDefFoundError': org/apache/log/format/Formatter> (0x00000000d6e46c50) thrown at [C:\workspace\8-2-build-windows-amd64-cygwin\jdk8u65\4987\hotspot\src\share\vm\classfile\systemDictionary.cpp, line 199]
Event: 7.568 Thread 0x0000000002b14800 Exception <a 'java/lang/NoSuchFieldError': method resolution failed> (0x00000000d7388160) thrown at [C:\workspace\8-2-build-windows-amd64-cygwin\jdk8u65\4987\hotspot\src\share\vm\prims\methodHandles.cpp, line 1146]
Event: 7.572 Thread 0x0000000002b14800 Exception <a 'java/lang/NoSuchFieldError': method resolution failed> (0x00000000d7395450) thrown at [C:\workspace\8-2-build-windows-amd64-cygwin\jdk8u65\4987\hotspot\src\share\vm\prims\methodHandles.cpp, line 1146]
Event: 9.387 Thread 0x0000000002b14800 Exception <a 'java/io/FileNotFoundException'> (0x00000000d74a0a20) thrown at [C:\workspace\8-2-build-windows-amd64-cygwin\jdk8u65\4987\hotspot\src\share\vm\prims\jni.cpp, line 709]
Event: 9.421 Thread 0x0000000002b14800 Exception <a 'java/io/FileNotFoundException'> (0x00000000d74e9b28) thrown at [C:\workspace\8-2-build-windows-amd64-cygwin\jdk8u65\4987\hotspot\src\share\vm\prims\jni.cpp, line 709]
Event: 15.248 Thread 0x0000000019d49000 Implicit null exception at 0x0000000002e55d9c to 0x0000000002e5621d
Event: 15.589 Thread 0x0000000019d49000 Exception <a 'java/io/FileNotFoundException'> (0x00000000d77a7aa8) thrown at [C:\workspace\8-2-build-windows-amd64-cygwin\jdk8u65\4987\hotspot\src\share\vm\prims\jni.cpp, line 709]
Event: 15.589 Thread 0x0000000019d49000 Exception <a 'java/io/FileNotFoundException'> (0x00000000d77a8240) thrown at [C:\workspace\8-2-build-windows-amd64-cygwin\jdk8u65\4987\hotspot\src\share\vm\prims\jni.cpp, line 709]

Events (10 events):
Event: 996.274 Executing VM operation: ChangeBreakpoints
Event: 996.274 Executing VM operation: ChangeBreakpoints done
Event: 996.283 Executing VM operation: ChangeBreakpoints
Event: 996.284 Executing VM operation: ChangeBreakpoints done
Event: 996.292 Executing VM operation: ChangeBreakpoints
Event: 996.293 Executing VM operation: ChangeBreakpoints done
Event: 1111.030 Executing VM operation: ChangeBreakpoints
Event: 1111.031 Executing VM operation: ChangeBreakpoints done
Event: 1398.666 Executing VM operation: RedefineClasses
Event: 1398.670 Executing VM operation: RedefineClasses done


Dynamic libraries:
0x00007ff604090000 - 0x00007ff6040c7000 	D:\IT\jdk1.8.0_65\bin\javaw.exe
0x00007ff82c990000 - 0x00007ff82cb71000 	C:\WINDOWS\SYSTEM32\ntdll.dll
0x00007ff82b930000 - 0x00007ff82b9e1000 	C:\WINDOWS\System32\KERNEL32.DLL
0x00007ff829430000 - 0x00007ff8296a3000 	C:\WINDOWS\System32\KERNELBASE.dll
0x00007ff829fb0000 - 0x00007ff82a051000 	C:\WINDOWS\System32\ADVAPI32.dll
0x00007ff82bbd0000 - 0x00007ff82bc6e000 	C:\WINDOWS\System32\msvcrt.dll
0x00007ff82c2c0000 - 0x00007ff82c31b000 	C:\WINDOWS\System32\sechost.dll
0x00007ff82a0e0000 - 0x00007ff82a204000 	C:\WINDOWS\System32\RPCRT4.dll
0x00007ff829e20000 - 0x00007ff829fb0000 	C:\WINDOWS\System32\USER32.dll
0x00007ff828fa0000 - 0x00007ff828fc0000 	C:\WINDOWS\System32\win32u.dll
0x00007ff82bc70000 - 0x00007ff82bc98000 	C:\WINDOWS\System32\GDI32.dll
0x00007ff828d60000 - 0x00007ff828ef2000 	C:\WINDOWS\System32\gdi32full.dll
0x00007ff828f00000 - 0x00007ff828f9f000 	C:\WINDOWS\System32\msvcp_win.dll
0x00007ff829260000 - 0x00007ff829358000 	C:\WINDOWS\System32\ucrtbase.dll
0x00007ff815f00000 - 0x00007ff816169000 	C:\WINDOWS\WinSxS\amd64_microsoft.windows.common-controls_6595b64144ccf1df_6.0.17134.765_none_fb42a1a930655896\COMCTL32.dll
0x00007ff82bea0000 - 0x00007ff82c1c2000 	C:\WINDOWS\System32\combase.dll
0x00007ff8293b0000 - 0x00007ff82942a000 	C:\WINDOWS\System32\bcryptPrimitives.dll
0x00007ff82b900000 - 0x00007ff82b92d000 	C:\WINDOWS\System32\IMM32.DLL
0x00007ff801f10000 - 0x00007ff801fc1000 	C:\Program Files\McAfee\Endpoint Security\Threat Prevention\Ips\EpMPApi.dll
0x00007ff8296b0000 - 0x00007ff829707000 	C:\WINDOWS\System32\WINTRUST.dll
0x00007ff828ca0000 - 0x00007ff828cb2000 	C:\WINDOWS\System32\MSASN1.dll
0x00007ff829070000 - 0x00007ff829252000 	C:\WINDOWS\System32\CRYPT32.dll
0x0000000052800000 - 0x000000005280c000 	C:\Program Files\McAfee\Endpoint Security\Threat Prevention\Ips\EpMPThe.dll
0x0000000052450000 - 0x0000000052522000 	D:\IT\jdk1.8.0_65\jre\bin\msvcr100.dll
0x0000000051260000 - 0x0000000051ae9000 	D:\IT\jdk1.8.0_65\jre\bin\server\jvm.dll
0x00007ff82c1d0000 - 0x00007ff82c1d8000 	C:\WINDOWS\System32\PSAPI.DLL
0x00007ff81a5a0000 - 0x00007ff81a5aa000 	C:\WINDOWS\SYSTEM32\VERSION.dll
0x00007ff826700000 - 0x00007ff826723000 	C:\WINDOWS\SYSTEM32\WINMM.dll
0x00007ff8266d0000 - 0x00007ff8266fa000 	C:\WINDOWS\SYSTEM32\winmmbase.dll
0x00007ff829360000 - 0x00007ff8293a9000 	C:\WINDOWS\System32\cfgmgr32.dll
0x00007ff811c90000 - 0x00007ff811c99000 	C:\WINDOWS\SYSTEM32\WSOCK32.dll
0x00007ff82bca0000 - 0x00007ff82bd0c000 	C:\WINDOWS\System32\WS2_32.dll
0x0000000053230000 - 0x000000005323f000 	D:\IT\jdk1.8.0_65\jre\bin\verify.dll
0x0000000052850000 - 0x0000000052879000 	D:\IT\jdk1.8.0_65\jre\bin\java.dll
0x0000000051e40000 - 0x0000000051e75000 	D:\IT\jdk1.8.0_65\jre\bin\jdwp.dll
0x0000000051e30000 - 0x0000000051e38000 	D:\IT\jdk1.8.0_65\jre\bin\npt.dll
0x0000000053210000 - 0x0000000053226000 	D:\IT\jdk1.8.0_65\jre\bin\zip.dll
0x00007ff82a410000 - 0x00007ff82b850000 	C:\WINDOWS\System32\SHELL32.dll
0x00007ff82b850000 - 0x00007ff82b8f9000 	C:\WINDOWS\System32\shcore.dll
0x00007ff829710000 - 0x00007ff829e1d000 	C:\WINDOWS\System32\windows.storage.dll
0x00007ff82c4b0000 - 0x00007ff82c501000 	C:\WINDOWS\System32\shlwapi.dll
0x00007ff828cd0000 - 0x00007ff828ce1000 	C:\WINDOWS\System32\kernel.appcore.dll
0x00007ff828d40000 - 0x00007ff828d5f000 	C:\WINDOWS\System32\profapi.dll
0x00007ff828cf0000 - 0x00007ff828d3c000 	C:\WINDOWS\System32\powrprof.dll
0x00007ff828cc0000 - 0x00007ff828cca000 	C:\WINDOWS\System32\FLTLIB.DLL
0x0000000051e20000 - 0x0000000051e29000 	D:\IT\jdk1.8.0_65\jre\bin\dt_socket.dll
0x00007ff806f60000 - 0x00007ff806f8d000 	C:\Program Files (x86)\Sangfor\SSL\ClientComponent\SangforNspX64.dll
0x00007ff82bd40000 - 0x00007ff82be91000 	C:\WINDOWS\System32\ole32.dll
0x00007ff82c1f0000 - 0x00007ff82c2b2000 	C:\WINDOWS\System32\OLEAUT32.dll
0x00007ff806de0000 - 0x00007ff806df6000 	C:\WINDOWS\system32\napinsp.dll
0x00007ff806dc0000 - 0x00007ff806dda000 	C:\WINDOWS\system32\pnrpnsp.dll
0x00007ff820b00000 - 0x00007ff820b19000 	C:\WINDOWS\system32\NLAapi.dll
0x00007ff8284e0000 - 0x00007ff828546000 	C:\WINDOWS\System32\mswsock.dll
0x00007ff8282a0000 - 0x00007ff82835e000 	C:\WINDOWS\SYSTEM32\DNSAPI.dll
0x00007ff82c1e0000 - 0x00007ff82c1e8000 	C:\WINDOWS\System32\NSI.dll
0x00007ff828260000 - 0x00007ff828298000 	C:\WINDOWS\SYSTEM32\IPHLPAPI.DLL
0x00007ff806db0000 - 0x00007ff806dbe000 	C:\WINDOWS\System32\winrnr.dll
0x00007ff821890000 - 0x00007ff8218a5000 	C:\WINDOWS\System32\wshbth.dll
0x00007ff814060000 - 0x00007ff8141da000 	C:\Program Files (x86)\Sangfor\SSL\ClientComponent\SangforTcpX64.dll
0x00007ff81a810000 - 0x00007ff81a882000 	C:\WINDOWS\System32\fwpuclnt.dll
0x00007ff8287c0000 - 0x00007ff8287e5000 	C:\WINDOWS\SYSTEM32\bcrypt.dll
0x00007ff815e00000 - 0x00007ff815e0a000 	C:\Windows\System32\rasadhlp.dll
0x0000000052580000 - 0x000000005259a000 	D:\IT\jdk1.8.0_65\jre\bin\net.dll
0x00007ff820810000 - 0x00007ff8209d9000 	C:\WINDOWS\SYSTEM32\dbghelp.dll

VM Arguments:
jvm_args: -agentlib:jdwp=transport=dt_socket,suspend=y,address=localhost:63553 -Dfile.encoding=UTF-8 
java_command: com.yh.spring.ssm.sendMail.MailUtils
java_class_path (initial): D:\IT\IT资料\checktable\ddsn_auto\target\classes;D:\IT\eclipse\eclipse\plugins\org.junit_4.11.0.v201303080030\junit.jar;D:\IT\eclipse\eclipse\plugins\org.hamcrest.core_1.3.0.v201303031735.jar;D:\Repositories\repository\com\google\code\gson\gson\2.4\gson-2.4.jar;D:\Repositories\repository\org\apache\velocity\velocity\1.7\velocity-1.7.jar;D:\Repositories\repository\commons-collections\commons-collections\3.2.1\commons-collections-3.2.1.jar;D:\Repositories\repository\commons-lang\commons-lang\2.4\commons-lang-2.4.jar;D:\Repositories\repository\org\springframework\data\spring-data-redis\1.8.4.RELEASE\spring-data-redis-1.8.4.RELEASE.jar;D:\Repositories\repository\org\springframework\data\spring-data-keyvalue\1.2.4.RELEASE\spring-data-keyvalue-1.2.4.RELEASE.jar;D:\Repositories\repository\org\springframework\data\spring-data-commons\1.13.4.RELEASE\spring-data-commons-1.13.4.RELEASE.jar;D:\Repositories\repository\org\slf4j\jcl-over-slf4j\1.7.25\jcl-over-slf4j-1.7.25.jar;D:\Repositories\repository\io\github\hengyunabc\zabbix-api\0.0.1\zabbix-api-0.0.1.jar;D:\Repositories\repository\org\apache\commons\commons-lang3\3.4\commons-lang3-3.4.jar;D:\Repositories\repository\com\fasterxml\jackson\core\jackson-databind\2.8.9\jackson-databind-2.8.9.jar;D:\Repositories\repository\com\fasterxml\jackson\core\jackson-annotations\2.8.0\jackson-annotations-2.8.0.jar;D:\Repositories\repository\com\fasterxml\jackson\core\jackson-core\2.8.9\jackson-core-2.8.9.jar;D:\Repositories\repository\org\apache\httpcomponents\httpcore\4.4.6\httpcore-4.4.6.jar;D:\Repositories\repository\org\apache\httpcomponents\httpclient\4.5.3\httpclient-4.5.3.jar;D:\Repositories\repository\commons-logging\commons-logging\1.2\commons-logging-1.2.jar;D:\Repositories\repository\org\springframework\spring-core\4.0.2.RELEASE\spring-core-4.0.2.RELEASE.jar;D:\Repositories\repository\org\springframework\spring-aspects\4.0.2.RELEASE\spring-aspects-4.0.2.RELEASE.jar;D:\Repositories\repository\org\aspe
Launcher Type: SUN_STANDARD

Environment Variables:
JAVA_HOME=D:\IT\jdk1.8.0_65
CLASSPATH=.;D:\IT\jdk1.8.0_65\lib;D:\IT\jdk1.8.0_65\lib\dt.jar;D:\IT\jdk1.8.0_65\lib\tools.jar
PATH=D:/IT/jdk1.8.0_65/bin/../jre/bin/server;D:/IT/jdk1.8.0_65/bin/../jre/bin;D:/IT/jdk1.8.0_65/bin/../jre/lib/amd64;C:\Program Files (x86)\Intel\iCLS Client\;C:\Program Files\Intel\iCLS Client\;C:\WINDOWS\system32;C:\WINDOWS;C:\WINDOWS\System32\Wbem;C:\WINDOWS\System32\WindowsPowerShell\v1.0\;C:\Program Files (x86)\Intel\Intel(R) Management Engine Components\DAL;C:\Program Files\Intel\Intel(R) Management Engine Components\DAL;C:\Program Files (x86)\Intel\Intel(R) Management Engine Components\IPT;C:\Program Files\Intel\Intel(R) Management Engine Components\IPT;C:\Program Files\Intel\WiFi\bin\;C:\Program Files\Common Files\Intel\WirelessCommon\;D:\IT\IT资料\maven-3.0.4\bin;%;aven_home%\bin;D:\IT\mysql-5.7.17-winx64\bin;D:\IT\jdk1.8.0_65\bin;D:\IT\jdk1.8.0_65\jre\bin;C:\WINDOWS\System32\OpenSSH\;C:\Program Files\Git\cmd;C:\Python27;C:\Python27\Scripts;C:\Program Files\nodejs\;D:\Program Files\TortoiseSVN\bin;D:\IT\gradle-4.4.1-bin\gradle-4.4.1\bin;C:\Users\86187\AppData\Local\Microsoft\WindowsApps;C:\Program Files\Intel\WiFi\bin\;C:\Program Files\Common Files\Intel\WirelessCommon\;C:\Users\86187\AppData\Roaming\npm;D:\IT\eclipse\eclipse;
USERNAME=TF02221601
OS=Windows_NT
PROCESSOR_IDENTIFIER=Intel64 Family 6 Model 142 Stepping 9, GenuineIntel



---------------  S Y S T E M  ---------------

OS: Windows 10.0 , 64 bit Build 17134 (10.0.17134.753)

CPU:total 4 (2 cores per cpu, 2 threads per core) family 6 model 142 stepping 9, cmov, cx8, fxsr, mmx, sse, sse2, sse3, ssse3, sse4.1, sse4.2, popcnt, avx, avx2, aes, clmul, erms, 3dnowpref, lzcnt, ht, tsc, tscinvbit, bmi1, bmi2, adx

Memory: 4k page, physical 8219368k(1294644k free), swap 16607976k(4255868k free)

vm_info: Java HotSpot(TM) 64-Bit Server VM (25.65-b01) for windows-amd64 JRE (1.8.0_65-b17), built on Oct  6 2015 16:39:20 by "java_re" with MS VC++ 10.0 (VS2010)

time: Tue May 21 15:37:33 2019
elapsed time: 1398 seconds (0d 0h 23m 18s)

